<?xml version="1.0" encoding="UTF-8"?>
<!-- Generated by org.testng.reporters.JUnitReportReporter -->
<testsuite skipped="0" hostname="DESKTOP-TC004CS" name="com.hyder.tests.BookAFlightTest" tests="1" failures="0" timestamp="06 Jul 2020 05:19:16 GMT" time="10.731" errors="0">
  <testcase name="bookAFlight" time="10.731" classname="com.hyder.tests.BookAFlightTest"/>
</testsuite> <!-- com.hyder.tests.BookAFlightTest -->
