<?xml version="1.0" encoding="UTF-8"?>
<!-- Generated by org.testng.reporters.JUnitReportReporter -->
<testsuite skipped="0" hostname="DESKTOP-TC004CS" name="com.hyder.tests.FindAFlightTest" tests="1" failures="0" timestamp="14 Aug 2019 09:30:47 GMT" time="7.145" errors="0">
  <testcase name="findAFlightTest" time="7.145" classname="com.hyder.tests.FindAFlightTest"/>
</testsuite> <!-- com.hyder.tests.FindAFlightTest -->
