<?xml version="1.0" encoding="UTF-8"?>
<!-- Generated by org.testng.reporters.JUnitReportReporter -->
<testsuite skipped="0" hostname="DESKTOP-TC004CS" name="com.hyder.tests.FlightConfirmationAndLogoutTest" tests="1" failures="0" timestamp="14 Aug 2019 09:30:47 GMT" time="8.965" errors="0">
  <testcase name="confirmFlightTest" time="8.965" classname="com.hyder.tests.FlightConfirmationAndLogoutTest"/>
</testsuite> <!-- com.hyder.tests.FlightConfirmationAndLogoutTest -->
