<?xml version="1.0" encoding="UTF-8"?>
<!-- Generated by org.testng.reporters.JUnitReportReporter -->
<testsuite skipped="0" hostname="DESKTOP-TC004CS" name="com.hyder.tests.BookAFlightTest" tests="1" failures="0" timestamp="15 Aug 2019 11:03:49 GMT" time="8.736" errors="0">
  <testcase name="bookAFlight" time="8.736" classname="com.hyder.tests.BookAFlightTest"/>
</testsuite> <!-- com.hyder.tests.BookAFlightTest -->
