<?xml version="1.0" encoding="UTF-8"?>
<!-- Generated by org.testng.reporters.JUnitReportReporter -->
<testsuite skipped="0" hostname="DESKTOP-TC004CS" name="com.hyder.tests.SignInTest" tests="1" failures="0" timestamp="14 Aug 2019 09:26:57 GMT" time="6.972" errors="0">
  <testcase name="validSignInTest" time="6.972" classname="com.hyder.tests.SignInTest"/>
</testsuite> <!-- com.hyder.tests.SignInTest -->
