<?xml version="1.0" encoding="UTF-8"?>
<!-- Generated by org.testng.reporters.JUnitReportReporter -->
<testsuite skipped="0" hostname="DESKTOP-TC004CS" name="com.hyder.tests.SelectAFlightTest" tests="1" failures="0" timestamp="14 Aug 2019 09:26:57 GMT" time="7.591" errors="0">
  <testcase name="selectAFlightTest" time="7.591" classname="com.hyder.tests.SelectAFlightTest"/>
</testsuite> <!-- com.hyder.tests.SelectAFlightTest -->
